<?xml version="1.0" encoding="UTF-8"?>
<testsuite name="com.telran.tests.test.LoginTest" tests="1" skipped="0" failures="0" errors="0" timestamp="2019-08-12T11:54:32" hostname="DESKTOP-P99IBT1" time="6.809">
  <properties/>
  <testcase name="loginTest" classname="com.telran.tests.test.LoginTest" time="6.809"/>
  <system-out><![CDATA[14:54:30.019 [Test worker] INFO  com.telran.tests.test.TestBase - StartloginTestwith parameters[]
14:54:30.019 [Test worker] INFO  c.t.t.f.ApplicationManager$MyListener - Start search elementBy.cssSelector: [data-test-id='header-member-menu-button']
14:54:30.090 [Test worker] INFO  c.t.t.f.ApplicationManager$MyListener - elementBy.cssSelector: [data-test-id='header-member-menu-button']found
14:54:30.090 [Test worker] INFO  c.t.t.f.ApplicationManager$MyListener - Start search elementBy.cssSelector: [data-test-id='header-member-menu-button']
14:54:30.130 [Test worker] INFO  c.t.t.f.ApplicationManager$MyListener - elementBy.cssSelector: [data-test-id='header-member-menu-button']found
14:54:30.318 [Test worker] INFO  c.t.t.f.ApplicationManager$MyListener - Start search elementBy.xpath: //*[@data-test-id='header-member-menu-logout']
14:54:30.341 [Test worker] INFO  c.t.t.f.ApplicationManager$MyListener - elementBy.xpath: //*[@data-test-id='header-member-menu-logout']found
14:54:32.032 [Test worker] INFO  c.t.t.f.ApplicationManager$MyListener - Start search elementBy.cssSelector: [href='/login']
14:54:32.065 [Test worker] INFO  c.t.t.f.ApplicationManager$MyListener - elementBy.cssSelector: [href='/login']found
14:54:33.613 [Test worker] INFO  c.t.t.f.ApplicationManager$MyListener - Start search elementBy.id: user
14:54:33.644 [Test worker] INFO  c.t.t.f.ApplicationManager$MyListener - elementBy.id: userfound
14:54:33.776 [Test worker] INFO  c.t.t.f.ApplicationManager$MyListener - Start search elementBy.id: user
14:54:33.803 [Test worker] INFO  c.t.t.f.ApplicationManager$MyListener - elementBy.id: userfound
14:54:33.873 [Test worker] INFO  c.t.t.f.ApplicationManager$MyListener - Start search elementBy.id: user
14:54:33.902 [Test worker] INFO  c.t.t.f.ApplicationManager$MyListener - elementBy.id: userfound
14:54:34.151 [Test worker] INFO  c.t.t.f.ApplicationManager$MyListener - Start search elementBy.id: password
14:54:34.176 [Test worker] INFO  c.t.t.f.ApplicationManager$MyListener - elementBy.id: passwordfound
14:54:34.306 [Test worker] INFO  c.t.t.f.ApplicationManager$MyListener - Start search elementBy.id: password
14:54:34.334 [Test worker] INFO  c.t.t.f.ApplicationManager$MyListener - elementBy.id: passwordfound
14:54:34.400 [Test worker] INFO  c.t.t.f.ApplicationManager$MyListener - Start search elementBy.id: password
14:54:34.426 [Test worker] INFO  c.t.t.f.ApplicationManager$MyListener - elementBy.id: passwordfound
14:54:34.606 [Test worker] INFO  c.t.t.f.ApplicationManager$MyListener - Start search elementBy.id: login
14:54:34.637 [Test worker] INFO  c.t.t.f.ApplicationManager$MyListener - elementBy.id: loginfound
14:54:38.770 [Test worker] INFO  c.t.t.f.ApplicationManager$MyListener - Start search elementBy.cssSelector: [data-test-id='header-member-menu-button']
14:54:38.815 [Test worker] INFO  c.t.t.f.ApplicationManager$MyListener - elementBy.cssSelector: [data-test-id='header-member-menu-button']found
]]></system-out>
  <system-err><![CDATA[]]></system-err>
</testsuite>
