<?xml version="1.0" encoding="UTF-8"?>
<testsuite name="com.telran.tests.test.TeamDeletionTest" tests="1" skipped="0" failures="1" errors="0" timestamp="2019-08-12T11:58:00" hostname="DESKTOP-P99IBT1" time="61.356">
  <properties/>
  <testcase name="testTeamDeletion" classname="com.telran.tests.test.TeamDeletionTest" time="61.356">
    <failure message="java.lang.AssertionError: expected [8] but found [4]" type="java.lang.AssertionError">java.lang.AssertionError: expected [8] but found [4]
	at org.testng.Assert.fail(Assert.java:96)
	at org.testng.Assert.failNotEquals(Assert.java:776)
	at org.testng.Assert.assertEqualsImpl(Assert.java:137)
	at org.testng.Assert.assertEquals(Assert.java:118)
	at org.testng.Assert.assertEquals(Assert.java:652)
	at org.testng.Assert.assertEquals(Assert.java:662)
	at com.telran.tests.test.TeamDeletionTest.testTeamDeletion(TeamDeletionTest.java:37)
	at sun.reflect.NativeMethodAccessorImpl.invoke0(Native Method)
	at sun.reflect.NativeMethodAccessorImpl.invoke(NativeMethodAccessorImpl.java:62)
	at sun.reflect.DelegatingMethodAccessorImpl.invoke(DelegatingMethodAccessorImpl.java:43)
	at java.lang.reflect.Method.invoke(Method.java:498)
	at org.testng.internal.MethodInvocationHelper.invokeMethod(MethodInvocationHelper.java:124)
	at org.testng.internal.Invoker.invokeMethod(Invoker.java:583)
	at org.testng.internal.Invoker.invokeTestMethod(Invoker.java:719)
	at org.testng.internal.Invoker.invokeTestMethods(Invoker.java:989)
	at org.testng.internal.TestMethodWorker.invokeTestMethods(TestMethodWorker.java:125)
	at org.testng.internal.TestMethodWorker.run(TestMethodWorker.java:109)
	at org.testng.TestRunner.privateRun(TestRunner.java:648)
	at org.testng.TestRunner.run(TestRunner.java:505)
	at org.testng.SuiteRunner.runTest(SuiteRunner.java:455)
	at org.testng.SuiteRunner.runSequentially(SuiteRunner.java:450)
	at org.testng.SuiteRunner.privateRun(SuiteRunner.java:415)
	at org.testng.SuiteRunner.run(SuiteRunner.java:364)
	at org.testng.SuiteRunnerWorker.runSuite(SuiteRunnerWorker.java:52)
	at org.testng.SuiteRunnerWorker.run(SuiteRunnerWorker.java:84)
	at org.testng.TestNG.runSuitesSequentially(TestNG.java:1208)
	at org.testng.TestNG.runSuitesLocally(TestNG.java:1137)
	at org.testng.TestNG.runSuites(TestNG.java:1049)
	at org.testng.TestNG.run(TestNG.java:1017)
	at org.gradle.api.internal.tasks.testing.testng.TestNGTestClassProcessor.runTests(TestNGTestClassProcessor.java:139)
	at org.gradle.api.internal.tasks.testing.testng.TestNGTestClassProcessor.stop(TestNGTestClassProcessor.java:89)
	at org.gradle.api.internal.tasks.testing.SuiteTestClassProcessor.stop(SuiteTestClassProcessor.java:61)
	at sun.reflect.NativeMethodAccessorImpl.invoke0(Native Method)
	at sun.reflect.NativeMethodAccessorImpl.invoke(NativeMethodAccessorImpl.java:62)
	at sun.reflect.DelegatingMethodAccessorImpl.invoke(DelegatingMethodAccessorImpl.java:43)
	at java.lang.reflect.Method.invoke(Method.java:498)
	at org.gradle.internal.dispatch.ReflectionDispatch.dispatch(ReflectionDispatch.java:35)
	at org.gradle.internal.dispatch.ReflectionDispatch.dispatch(ReflectionDispatch.java:24)
	at org.gradle.internal.dispatch.ContextClassLoaderDispatch.dispatch(ContextClassLoaderDispatch.java:32)
	at org.gradle.internal.dispatch.ProxyDispatchAdapter$DispatchingInvocationHandler.invoke(ProxyDispatchAdapter.java:93)
	at com.sun.proxy.$Proxy2.stop(Unknown Source)
	at org.gradle.api.internal.tasks.testing.worker.TestWorker.stop(TestWorker.java:131)
	at sun.reflect.NativeMethodAccessorImpl.invoke0(Native Method)
	at sun.reflect.NativeMethodAccessorImpl.invoke(NativeMethodAccessorImpl.java:62)
	at sun.reflect.DelegatingMethodAccessorImpl.invoke(DelegatingMethodAccessorImpl.java:43)
	at java.lang.reflect.Method.invoke(Method.java:498)
	at org.gradle.internal.dispatch.ReflectionDispatch.dispatch(ReflectionDispatch.java:35)
	at org.gradle.internal.dispatch.ReflectionDispatch.dispatch(ReflectionDispatch.java:24)
	at org.gradle.internal.remote.internal.hub.MessageHubBackedObjectConnection$DispatchWrapper.dispatch(MessageHubBackedObjectConnection.java:155)
	at org.gradle.internal.remote.internal.hub.MessageHubBackedObjectConnection$DispatchWrapper.dispatch(MessageHubBackedObjectConnection.java:137)
	at org.gradle.internal.remote.internal.hub.MessageHub$Handler.run(MessageHub.java:404)
	at org.gradle.internal.concurrent.ExecutorPolicy$CatchAndRecordFailures.onExecute(ExecutorPolicy.java:63)
	at org.gradle.internal.concurrent.ManagedExecutorImpl$1.run(ManagedExecutorImpl.java:46)
	at java.util.concurrent.ThreadPoolExecutor.runWorker(ThreadPoolExecutor.java:1149)
	at java.util.concurrent.ThreadPoolExecutor$Worker.run(ThreadPoolExecutor.java:624)
	at org.gradle.internal.concurrent.ThreadFactoryImpl$ManagedThreadRunnable.run(ThreadFactoryImpl.java:55)
	at java.lang.Thread.run(Thread.java:748)
</failure>
  </testcase>
  <system-out><![CDATA[14:58:00.111 [Test worker] INFO  com.telran.tests.test.TestBase - StarttestTeamDeletionwith parameters[]
14:58:00.111 [Test worker] INFO  c.t.t.f.ApplicationManager$MyListener - Start search elementBy.cssSelector: .home-left-sidebar-container .js-react-root li
14:58:00.137 [Test worker] INFO  c.t.t.f.ApplicationManager$MyListener - elementBy.cssSelector: .home-left-sidebar-container .js-react-root lifound
14:58:30.139 [Test worker] INFO  c.t.t.f.ApplicationManager$MyListener - Start search elementBy.cssSelector: nav.home-left-sidebar-container .js-react-root
14:58:30.172 [Test worker] INFO  c.t.t.f.ApplicationManager$MyListener - elementBy.cssSelector: nav.home-left-sidebar-container .js-react-rootfound
14:58:30.172 [Test worker] INFO  c.t.t.f.ApplicationManager$MyListener - Start search elementBy.xpath: .//li
14:58:30.203 [Test worker] INFO  c.t.t.f.ApplicationManager$MyListener - elementBy.xpath: .//lifound
9:
14:58:30.203 [Test worker] INFO  c.t.t.f.ApplicationManager$MyListener - Start search elementBy.cssSelector: [data-test-id='home-team-tab-name']
14:58:30.233 [Test worker] INFO  c.t.t.f.ApplicationManager$MyListener - elementBy.cssSelector: [data-test-id='home-team-tab-name']found
14:58:45.385 [Test worker] INFO  c.t.t.f.ApplicationManager$MyListener - Start search elementBy.xpath: //span[contains(text(),'Settings')]
14:58:45.418 [Test worker] INFO  c.t.t.f.ApplicationManager$MyListener - elementBy.xpath: //span[contains(text(),'Settings')]found
14:58:45.556 [Test worker] INFO  c.t.t.f.ApplicationManager$MyListener - Start search elementBy.xpath: //*[@class='quiet-button']
14:58:46.002 [Test worker] INFO  c.t.t.f.ApplicationManager$MyListener - elementBy.xpath: //*[@class='quiet-button']found
14:58:46.241 [Test worker] INFO  c.t.t.f.ApplicationManager$MyListener - Start search elementBy.xpath: //*[@class='js-confirm full negate']
14:58:46.284 [Test worker] INFO  c.t.t.f.ApplicationManager$MyListener - elementBy.xpath: //*[@class='js-confirm full negate']found
14:59:01.434 [Test worker] INFO  c.t.t.f.ApplicationManager$MyListener - Start search elementBy.cssSelector: nav.home-left-sidebar-container .js-react-root
14:59:01.458 [Test worker] INFO  c.t.t.f.ApplicationManager$MyListener - elementBy.cssSelector: nav.home-left-sidebar-container .js-react-rootfound
14:59:01.458 [Test worker] INFO  c.t.t.f.ApplicationManager$MyListener - Start search elementBy.xpath: .//li
14:59:01.493 [Test worker] INFO  c.t.t.f.ApplicationManager$MyListener - elementBy.xpath: .//lifound
4
]]></system-out>
  <system-err><![CDATA[]]></system-err>
</testsuite>
