<?xml version="1.0" encoding="UTF-8"?>
<testsuite name="com.telran.tests.test.CreateBoardTest" tests="7" skipped="0" failures="7" errors="0" timestamp="2019-08-12T11:55:53" hostname="DESKTOP-P99IBT1" time="116.025">
  <properties/>
  <testcase name="boardCreationFromheaderWithDataProviderTest[0](Board{boardName='name'})" classname="com.telran.tests.test.CreateBoardTest" time="16.732">
    <failure message="java.lang.AssertionError: expected [0] but found [-1]" type="java.lang.AssertionError">java.lang.AssertionError: expected [0] but found [-1]
	at org.testng.Assert.fail(Assert.java:96)
	at org.testng.Assert.failNotEquals(Assert.java:776)
	at org.testng.Assert.assertEqualsImpl(Assert.java:137)
	at org.testng.Assert.assertEquals(Assert.java:118)
	at org.testng.Assert.assertEquals(Assert.java:652)
	at org.testng.Assert.assertEquals(Assert.java:662)
	at com.telran.tests.test.CreateBoardTest.boardCreationFromheaderWithDataProviderTest(CreateBoardTest.java:31)
	at sun.reflect.NativeMethodAccessorImpl.invoke0(Native Method)
	at sun.reflect.NativeMethodAccessorImpl.invoke(NativeMethodAccessorImpl.java:62)
	at sun.reflect.DelegatingMethodAccessorImpl.invoke(DelegatingMethodAccessorImpl.java:43)
	at java.lang.reflect.Method.invoke(Method.java:498)
	at org.testng.internal.MethodInvocationHelper.invokeMethod(MethodInvocationHelper.java:124)
	at org.testng.internal.Invoker.invokeMethod(Invoker.java:583)
	at org.testng.internal.Invoker.invokeTestMethod(Invoker.java:719)
	at org.testng.internal.Invoker.invokeTestMethods(Invoker.java:989)
	at org.testng.internal.TestMethodWorker.invokeTestMethods(TestMethodWorker.java:125)
	at org.testng.internal.TestMethodWorker.run(TestMethodWorker.java:109)
	at org.testng.TestRunner.privateRun(TestRunner.java:648)
	at org.testng.TestRunner.run(TestRunner.java:505)
	at org.testng.SuiteRunner.runTest(SuiteRunner.java:455)
	at org.testng.SuiteRunner.runSequentially(SuiteRunner.java:450)
	at org.testng.SuiteRunner.privateRun(SuiteRunner.java:415)
	at org.testng.SuiteRunner.run(SuiteRunner.java:364)
	at org.testng.SuiteRunnerWorker.runSuite(SuiteRunnerWorker.java:52)
	at org.testng.SuiteRunnerWorker.run(SuiteRunnerWorker.java:84)
	at org.testng.TestNG.runSuitesSequentially(TestNG.java:1208)
	at org.testng.TestNG.runSuitesLocally(TestNG.java:1137)
	at org.testng.TestNG.runSuites(TestNG.java:1049)
	at org.testng.TestNG.run(TestNG.java:1017)
	at org.gradle.api.internal.tasks.testing.testng.TestNGTestClassProcessor.runTests(TestNGTestClassProcessor.java:139)
	at org.gradle.api.internal.tasks.testing.testng.TestNGTestClassProcessor.stop(TestNGTestClassProcessor.java:89)
	at org.gradle.api.internal.tasks.testing.SuiteTestClassProcessor.stop(SuiteTestClassProcessor.java:61)
	at sun.reflect.NativeMethodAccessorImpl.invoke0(Native Method)
	at sun.reflect.NativeMethodAccessorImpl.invoke(NativeMethodAccessorImpl.java:62)
	at sun.reflect.DelegatingMethodAccessorImpl.invoke(DelegatingMethodAccessorImpl.java:43)
	at java.lang.reflect.Method.invoke(Method.java:498)
	at org.gradle.internal.dispatch.ReflectionDispatch.dispatch(ReflectionDispatch.java:35)
	at org.gradle.internal.dispatch.ReflectionDispatch.dispatch(ReflectionDispatch.java:24)
	at org.gradle.internal.dispatch.ContextClassLoaderDispatch.dispatch(ContextClassLoaderDispatch.java:32)
	at org.gradle.internal.dispatch.ProxyDispatchAdapter$DispatchingInvocationHandler.invoke(ProxyDispatchAdapter.java:93)
	at com.sun.proxy.$Proxy2.stop(Unknown Source)
	at org.gradle.api.internal.tasks.testing.worker.TestWorker.stop(TestWorker.java:131)
	at sun.reflect.NativeMethodAccessorImpl.invoke0(Native Method)
	at sun.reflect.NativeMethodAccessorImpl.invoke(NativeMethodAccessorImpl.java:62)
	at sun.reflect.DelegatingMethodAccessorImpl.invoke(DelegatingMethodAccessorImpl.java:43)
	at java.lang.reflect.Method.invoke(Method.java:498)
	at org.gradle.internal.dispatch.ReflectionDispatch.dispatch(ReflectionDispatch.java:35)
	at org.gradle.internal.dispatch.ReflectionDispatch.dispatch(ReflectionDispatch.java:24)
	at org.gradle.internal.remote.internal.hub.MessageHubBackedObjectConnection$DispatchWrapper.dispatch(MessageHubBackedObjectConnection.java:155)
	at org.gradle.internal.remote.internal.hub.MessageHubBackedObjectConnection$DispatchWrapper.dispatch(MessageHubBackedObjectConnection.java:137)
	at org.gradle.internal.remote.internal.hub.MessageHub$Handler.run(MessageHub.java:404)
	at org.gradle.internal.concurrent.ExecutorPolicy$CatchAndRecordFailures.onExecute(ExecutorPolicy.java:63)
	at org.gradle.internal.concurrent.ManagedExecutorImpl$1.run(ManagedExecutorImpl.java:46)
	at java.util.concurrent.ThreadPoolExecutor.runWorker(ThreadPoolExecutor.java:1149)
	at java.util.concurrent.ThreadPoolExecutor$Worker.run(ThreadPoolExecutor.java:624)
	at org.gradle.internal.concurrent.ThreadFactoryImpl$ManagedThreadRunnable.run(ThreadFactoryImpl.java:55)
	at java.lang.Thread.run(Thread.java:748)
</failure>
  </testcase>
  <testcase name="boardCreationFromheaderWithDataProviderTest[1](Board{boardName='A'})" classname="com.telran.tests.test.CreateBoardTest" time="16.396">
    <failure message="java.lang.AssertionError: expected [0] but found [-1]" type="java.lang.AssertionError">java.lang.AssertionError: expected [0] but found [-1]
	at org.testng.Assert.fail(Assert.java:96)
	at org.testng.Assert.failNotEquals(Assert.java:776)
	at org.testng.Assert.assertEqualsImpl(Assert.java:137)
	at org.testng.Assert.assertEquals(Assert.java:118)
	at org.testng.Assert.assertEquals(Assert.java:652)
	at org.testng.Assert.assertEquals(Assert.java:662)
	at com.telran.tests.test.CreateBoardTest.boardCreationFromheaderWithDataProviderTest(CreateBoardTest.java:31)
	at sun.reflect.NativeMethodAccessorImpl.invoke0(Native Method)
	at sun.reflect.NativeMethodAccessorImpl.invoke(NativeMethodAccessorImpl.java:62)
	at sun.reflect.DelegatingMethodAccessorImpl.invoke(DelegatingMethodAccessorImpl.java:43)
	at java.lang.reflect.Method.invoke(Method.java:498)
	at org.testng.internal.MethodInvocationHelper.invokeMethod(MethodInvocationHelper.java:124)
	at org.testng.internal.Invoker.invokeMethod(Invoker.java:583)
	at org.testng.internal.Invoker.invokeTestMethod(Invoker.java:719)
	at org.testng.internal.Invoker.invokeTestMethods(Invoker.java:989)
	at org.testng.internal.TestMethodWorker.invokeTestMethods(TestMethodWorker.java:125)
	at org.testng.internal.TestMethodWorker.run(TestMethodWorker.java:109)
	at org.testng.TestRunner.privateRun(TestRunner.java:648)
	at org.testng.TestRunner.run(TestRunner.java:505)
	at org.testng.SuiteRunner.runTest(SuiteRunner.java:455)
	at org.testng.SuiteRunner.runSequentially(SuiteRunner.java:450)
	at org.testng.SuiteRunner.privateRun(SuiteRunner.java:415)
	at org.testng.SuiteRunner.run(SuiteRunner.java:364)
	at org.testng.SuiteRunnerWorker.runSuite(SuiteRunnerWorker.java:52)
	at org.testng.SuiteRunnerWorker.run(SuiteRunnerWorker.java:84)
	at org.testng.TestNG.runSuitesSequentially(TestNG.java:1208)
	at org.testng.TestNG.runSuitesLocally(TestNG.java:1137)
	at org.testng.TestNG.runSuites(TestNG.java:1049)
	at org.testng.TestNG.run(TestNG.java:1017)
	at org.gradle.api.internal.tasks.testing.testng.TestNGTestClassProcessor.runTests(TestNGTestClassProcessor.java:139)
	at org.gradle.api.internal.tasks.testing.testng.TestNGTestClassProcessor.stop(TestNGTestClassProcessor.java:89)
	at org.gradle.api.internal.tasks.testing.SuiteTestClassProcessor.stop(SuiteTestClassProcessor.java:61)
	at sun.reflect.NativeMethodAccessorImpl.invoke0(Native Method)
	at sun.reflect.NativeMethodAccessorImpl.invoke(NativeMethodAccessorImpl.java:62)
	at sun.reflect.DelegatingMethodAccessorImpl.invoke(DelegatingMethodAccessorImpl.java:43)
	at java.lang.reflect.Method.invoke(Method.java:498)
	at org.gradle.internal.dispatch.ReflectionDispatch.dispatch(ReflectionDispatch.java:35)
	at org.gradle.internal.dispatch.ReflectionDispatch.dispatch(ReflectionDispatch.java:24)
	at org.gradle.internal.dispatch.ContextClassLoaderDispatch.dispatch(ContextClassLoaderDispatch.java:32)
	at org.gradle.internal.dispatch.ProxyDispatchAdapter$DispatchingInvocationHandler.invoke(ProxyDispatchAdapter.java:93)
	at com.sun.proxy.$Proxy2.stop(Unknown Source)
	at org.gradle.api.internal.tasks.testing.worker.TestWorker.stop(TestWorker.java:131)
	at sun.reflect.NativeMethodAccessorImpl.invoke0(Native Method)
	at sun.reflect.NativeMethodAccessorImpl.invoke(NativeMethodAccessorImpl.java:62)
	at sun.reflect.DelegatingMethodAccessorImpl.invoke(DelegatingMethodAccessorImpl.java:43)
	at java.lang.reflect.Method.invoke(Method.java:498)
	at org.gradle.internal.dispatch.ReflectionDispatch.dispatch(ReflectionDispatch.java:35)
	at org.gradle.internal.dispatch.ReflectionDispatch.dispatch(ReflectionDispatch.java:24)
	at org.gradle.internal.remote.internal.hub.MessageHubBackedObjectConnection$DispatchWrapper.dispatch(MessageHubBackedObjectConnection.java:155)
	at org.gradle.internal.remote.internal.hub.MessageHubBackedObjectConnection$DispatchWrapper.dispatch(MessageHubBackedObjectConnection.java:137)
	at org.gradle.internal.remote.internal.hub.MessageHub$Handler.run(MessageHub.java:404)
	at org.gradle.internal.concurrent.ExecutorPolicy$CatchAndRecordFailures.onExecute(ExecutorPolicy.java:63)
	at org.gradle.internal.concurrent.ManagedExecutorImpl$1.run(ManagedExecutorImpl.java:46)
	at java.util.concurrent.ThreadPoolExecutor.runWorker(ThreadPoolExecutor.java:1149)
	at java.util.concurrent.ThreadPoolExecutor$Worker.run(ThreadPoolExecutor.java:624)
	at org.gradle.internal.concurrent.ThreadFactoryImpl$ManagedThreadRunnable.run(ThreadFactoryImpl.java:55)
	at java.lang.Thread.run(Thread.java:748)
</failure>
  </testcase>
  <testcase name="boardCreationFromheaderWithDataProviderTest[2](Board{boardName='12'})" classname="com.telran.tests.test.CreateBoardTest" time="16.423">
    <failure message="java.lang.AssertionError: expected [0] but found [-1]" type="java.lang.AssertionError">java.lang.AssertionError: expected [0] but found [-1]
	at org.testng.Assert.fail(Assert.java:96)
	at org.testng.Assert.failNotEquals(Assert.java:776)
	at org.testng.Assert.assertEqualsImpl(Assert.java:137)
	at org.testng.Assert.assertEquals(Assert.java:118)
	at org.testng.Assert.assertEquals(Assert.java:652)
	at org.testng.Assert.assertEquals(Assert.java:662)
	at com.telran.tests.test.CreateBoardTest.boardCreationFromheaderWithDataProviderTest(CreateBoardTest.java:31)
	at sun.reflect.NativeMethodAccessorImpl.invoke0(Native Method)
	at sun.reflect.NativeMethodAccessorImpl.invoke(NativeMethodAccessorImpl.java:62)
	at sun.reflect.DelegatingMethodAccessorImpl.invoke(DelegatingMethodAccessorImpl.java:43)
	at java.lang.reflect.Method.invoke(Method.java:498)
	at org.testng.internal.MethodInvocationHelper.invokeMethod(MethodInvocationHelper.java:124)
	at org.testng.internal.Invoker.invokeMethod(Invoker.java:583)
	at org.testng.internal.Invoker.invokeTestMethod(Invoker.java:719)
	at org.testng.internal.Invoker.invokeTestMethods(Invoker.java:989)
	at org.testng.internal.TestMethodWorker.invokeTestMethods(TestMethodWorker.java:125)
	at org.testng.internal.TestMethodWorker.run(TestMethodWorker.java:109)
	at org.testng.TestRunner.privateRun(TestRunner.java:648)
	at org.testng.TestRunner.run(TestRunner.java:505)
	at org.testng.SuiteRunner.runTest(SuiteRunner.java:455)
	at org.testng.SuiteRunner.runSequentially(SuiteRunner.java:450)
	at org.testng.SuiteRunner.privateRun(SuiteRunner.java:415)
	at org.testng.SuiteRunner.run(SuiteRunner.java:364)
	at org.testng.SuiteRunnerWorker.runSuite(SuiteRunnerWorker.java:52)
	at org.testng.SuiteRunnerWorker.run(SuiteRunnerWorker.java:84)
	at org.testng.TestNG.runSuitesSequentially(TestNG.java:1208)
	at org.testng.TestNG.runSuitesLocally(TestNG.java:1137)
	at org.testng.TestNG.runSuites(TestNG.java:1049)
	at org.testng.TestNG.run(TestNG.java:1017)
	at org.gradle.api.internal.tasks.testing.testng.TestNGTestClassProcessor.runTests(TestNGTestClassProcessor.java:139)
	at org.gradle.api.internal.tasks.testing.testng.TestNGTestClassProcessor.stop(TestNGTestClassProcessor.java:89)
	at org.gradle.api.internal.tasks.testing.SuiteTestClassProcessor.stop(SuiteTestClassProcessor.java:61)
	at sun.reflect.NativeMethodAccessorImpl.invoke0(Native Method)
	at sun.reflect.NativeMethodAccessorImpl.invoke(NativeMethodAccessorImpl.java:62)
	at sun.reflect.DelegatingMethodAccessorImpl.invoke(DelegatingMethodAccessorImpl.java:43)
	at java.lang.reflect.Method.invoke(Method.java:498)
	at org.gradle.internal.dispatch.ReflectionDispatch.dispatch(ReflectionDispatch.java:35)
	at org.gradle.internal.dispatch.ReflectionDispatch.dispatch(ReflectionDispatch.java:24)
	at org.gradle.internal.dispatch.ContextClassLoaderDispatch.dispatch(ContextClassLoaderDispatch.java:32)
	at org.gradle.internal.dispatch.ProxyDispatchAdapter$DispatchingInvocationHandler.invoke(ProxyDispatchAdapter.java:93)
	at com.sun.proxy.$Proxy2.stop(Unknown Source)
	at org.gradle.api.internal.tasks.testing.worker.TestWorker.stop(TestWorker.java:131)
	at sun.reflect.NativeMethodAccessorImpl.invoke0(Native Method)
	at sun.reflect.NativeMethodAccessorImpl.invoke(NativeMethodAccessorImpl.java:62)
	at sun.reflect.DelegatingMethodAccessorImpl.invoke(DelegatingMethodAccessorImpl.java:43)
	at java.lang.reflect.Method.invoke(Method.java:498)
	at org.gradle.internal.dispatch.ReflectionDispatch.dispatch(ReflectionDispatch.java:35)
	at org.gradle.internal.dispatch.ReflectionDispatch.dispatch(ReflectionDispatch.java:24)
	at org.gradle.internal.remote.internal.hub.MessageHubBackedObjectConnection$DispatchWrapper.dispatch(MessageHubBackedObjectConnection.java:155)
	at org.gradle.internal.remote.internal.hub.MessageHubBackedObjectConnection$DispatchWrapper.dispatch(MessageHubBackedObjectConnection.java:137)
	at org.gradle.internal.remote.internal.hub.MessageHub$Handler.run(MessageHub.java:404)
	at org.gradle.internal.concurrent.ExecutorPolicy$CatchAndRecordFailures.onExecute(ExecutorPolicy.java:63)
	at org.gradle.internal.concurrent.ManagedExecutorImpl$1.run(ManagedExecutorImpl.java:46)
	at java.util.concurrent.ThreadPoolExecutor.runWorker(ThreadPoolExecutor.java:1149)
	at java.util.concurrent.ThreadPoolExecutor$Worker.run(ThreadPoolExecutor.java:624)
	at org.gradle.internal.concurrent.ThreadFactoryImpl$ManagedThreadRunnable.run(ThreadFactoryImpl.java:55)
	at java.lang.Thread.run(Thread.java:748)
</failure>
  </testcase>
  <testcase name="boardCreationFromheaderWithDataProviderTest[3](Board{boardName='#$%'})" classname="com.telran.tests.test.CreateBoardTest" time="16.521">
    <failure message="java.lang.AssertionError: expected [0] but found [-1]" type="java.lang.AssertionError">java.lang.AssertionError: expected [0] but found [-1]
	at org.testng.Assert.fail(Assert.java:96)
	at org.testng.Assert.failNotEquals(Assert.java:776)
	at org.testng.Assert.assertEqualsImpl(Assert.java:137)
	at org.testng.Assert.assertEquals(Assert.java:118)
	at org.testng.Assert.assertEquals(Assert.java:652)
	at org.testng.Assert.assertEquals(Assert.java:662)
	at com.telran.tests.test.CreateBoardTest.boardCreationFromheaderWithDataProviderTest(CreateBoardTest.java:31)
	at sun.reflect.NativeMethodAccessorImpl.invoke0(Native Method)
	at sun.reflect.NativeMethodAccessorImpl.invoke(NativeMethodAccessorImpl.java:62)
	at sun.reflect.DelegatingMethodAccessorImpl.invoke(DelegatingMethodAccessorImpl.java:43)
	at java.lang.reflect.Method.invoke(Method.java:498)
	at org.testng.internal.MethodInvocationHelper.invokeMethod(MethodInvocationHelper.java:124)
	at org.testng.internal.Invoker.invokeMethod(Invoker.java:583)
	at org.testng.internal.Invoker.invokeTestMethod(Invoker.java:719)
	at org.testng.internal.Invoker.invokeTestMethods(Invoker.java:989)
	at org.testng.internal.TestMethodWorker.invokeTestMethods(TestMethodWorker.java:125)
	at org.testng.internal.TestMethodWorker.run(TestMethodWorker.java:109)
	at org.testng.TestRunner.privateRun(TestRunner.java:648)
	at org.testng.TestRunner.run(TestRunner.java:505)
	at org.testng.SuiteRunner.runTest(SuiteRunner.java:455)
	at org.testng.SuiteRunner.runSequentially(SuiteRunner.java:450)
	at org.testng.SuiteRunner.privateRun(SuiteRunner.java:415)
	at org.testng.SuiteRunner.run(SuiteRunner.java:364)
	at org.testng.SuiteRunnerWorker.runSuite(SuiteRunnerWorker.java:52)
	at org.testng.SuiteRunnerWorker.run(SuiteRunnerWorker.java:84)
	at org.testng.TestNG.runSuitesSequentially(TestNG.java:1208)
	at org.testng.TestNG.runSuitesLocally(TestNG.java:1137)
	at org.testng.TestNG.runSuites(TestNG.java:1049)
	at org.testng.TestNG.run(TestNG.java:1017)
	at org.gradle.api.internal.tasks.testing.testng.TestNGTestClassProcessor.runTests(TestNGTestClassProcessor.java:139)
	at org.gradle.api.internal.tasks.testing.testng.TestNGTestClassProcessor.stop(TestNGTestClassProcessor.java:89)
	at org.gradle.api.internal.tasks.testing.SuiteTestClassProcessor.stop(SuiteTestClassProcessor.java:61)
	at sun.reflect.NativeMethodAccessorImpl.invoke0(Native Method)
	at sun.reflect.NativeMethodAccessorImpl.invoke(NativeMethodAccessorImpl.java:62)
	at sun.reflect.DelegatingMethodAccessorImpl.invoke(DelegatingMethodAccessorImpl.java:43)
	at java.lang.reflect.Method.invoke(Method.java:498)
	at org.gradle.internal.dispatch.ReflectionDispatch.dispatch(ReflectionDispatch.java:35)
	at org.gradle.internal.dispatch.ReflectionDispatch.dispatch(ReflectionDispatch.java:24)
	at org.gradle.internal.dispatch.ContextClassLoaderDispatch.dispatch(ContextClassLoaderDispatch.java:32)
	at org.gradle.internal.dispatch.ProxyDispatchAdapter$DispatchingInvocationHandler.invoke(ProxyDispatchAdapter.java:93)
	at com.sun.proxy.$Proxy2.stop(Unknown Source)
	at org.gradle.api.internal.tasks.testing.worker.TestWorker.stop(TestWorker.java:131)
	at sun.reflect.NativeMethodAccessorImpl.invoke0(Native Method)
	at sun.reflect.NativeMethodAccessorImpl.invoke(NativeMethodAccessorImpl.java:62)
	at sun.reflect.DelegatingMethodAccessorImpl.invoke(DelegatingMethodAccessorImpl.java:43)
	at java.lang.reflect.Method.invoke(Method.java:498)
	at org.gradle.internal.dispatch.ReflectionDispatch.dispatch(ReflectionDispatch.java:35)
	at org.gradle.internal.dispatch.ReflectionDispatch.dispatch(ReflectionDispatch.java:24)
	at org.gradle.internal.remote.internal.hub.MessageHubBackedObjectConnection$DispatchWrapper.dispatch(MessageHubBackedObjectConnection.java:155)
	at org.gradle.internal.remote.internal.hub.MessageHubBackedObjectConnection$DispatchWrapper.dispatch(MessageHubBackedObjectConnection.java:137)
	at org.gradle.internal.remote.internal.hub.MessageHub$Handler.run(MessageHub.java:404)
	at org.gradle.internal.concurrent.ExecutorPolicy$CatchAndRecordFailures.onExecute(ExecutorPolicy.java:63)
	at org.gradle.internal.concurrent.ManagedExecutorImpl$1.run(ManagedExecutorImpl.java:46)
	at java.util.concurrent.ThreadPoolExecutor.runWorker(ThreadPoolExecutor.java:1149)
	at java.util.concurrent.ThreadPoolExecutor$Worker.run(ThreadPoolExecutor.java:624)
	at org.gradle.internal.concurrent.ThreadFactoryImpl$ManagedThreadRunnable.run(ThreadFactoryImpl.java:55)
	at java.lang.Thread.run(Thread.java:748)
</failure>
  </testcase>
  <testcase name="boardCreationFromheaderWithDataProviderTest[4](Board{boardName='Om6Rijq2z1'})" classname="com.telran.tests.test.CreateBoardTest" time="16.402">
    <failure message="java.lang.AssertionError: expected [0] but found [-1]" type="java.lang.AssertionError">java.lang.AssertionError: expected [0] but found [-1]
	at org.testng.Assert.fail(Assert.java:96)
	at org.testng.Assert.failNotEquals(Assert.java:776)
	at org.testng.Assert.assertEqualsImpl(Assert.java:137)
	at org.testng.Assert.assertEquals(Assert.java:118)
	at org.testng.Assert.assertEquals(Assert.java:652)
	at org.testng.Assert.assertEquals(Assert.java:662)
	at com.telran.tests.test.CreateBoardTest.boardCreationFromheaderWithDataProviderTest(CreateBoardTest.java:31)
	at sun.reflect.NativeMethodAccessorImpl.invoke0(Native Method)
	at sun.reflect.NativeMethodAccessorImpl.invoke(NativeMethodAccessorImpl.java:62)
	at sun.reflect.DelegatingMethodAccessorImpl.invoke(DelegatingMethodAccessorImpl.java:43)
	at java.lang.reflect.Method.invoke(Method.java:498)
	at org.testng.internal.MethodInvocationHelper.invokeMethod(MethodInvocationHelper.java:124)
	at org.testng.internal.Invoker.invokeMethod(Invoker.java:583)
	at org.testng.internal.Invoker.invokeTestMethod(Invoker.java:719)
	at org.testng.internal.Invoker.invokeTestMethods(Invoker.java:989)
	at org.testng.internal.TestMethodWorker.invokeTestMethods(TestMethodWorker.java:125)
	at org.testng.internal.TestMethodWorker.run(TestMethodWorker.java:109)
	at org.testng.TestRunner.privateRun(TestRunner.java:648)
	at org.testng.TestRunner.run(TestRunner.java:505)
	at org.testng.SuiteRunner.runTest(SuiteRunner.java:455)
	at org.testng.SuiteRunner.runSequentially(SuiteRunner.java:450)
	at org.testng.SuiteRunner.privateRun(SuiteRunner.java:415)
	at org.testng.SuiteRunner.run(SuiteRunner.java:364)
	at org.testng.SuiteRunnerWorker.runSuite(SuiteRunnerWorker.java:52)
	at org.testng.SuiteRunnerWorker.run(SuiteRunnerWorker.java:84)
	at org.testng.TestNG.runSuitesSequentially(TestNG.java:1208)
	at org.testng.TestNG.runSuitesLocally(TestNG.java:1137)
	at org.testng.TestNG.runSuites(TestNG.java:1049)
	at org.testng.TestNG.run(TestNG.java:1017)
	at org.gradle.api.internal.tasks.testing.testng.TestNGTestClassProcessor.runTests(TestNGTestClassProcessor.java:139)
	at org.gradle.api.internal.tasks.testing.testng.TestNGTestClassProcessor.stop(TestNGTestClassProcessor.java:89)
	at org.gradle.api.internal.tasks.testing.SuiteTestClassProcessor.stop(SuiteTestClassProcessor.java:61)
	at sun.reflect.NativeMethodAccessorImpl.invoke0(Native Method)
	at sun.reflect.NativeMethodAccessorImpl.invoke(NativeMethodAccessorImpl.java:62)
	at sun.reflect.DelegatingMethodAccessorImpl.invoke(DelegatingMethodAccessorImpl.java:43)
	at java.lang.reflect.Method.invoke(Method.java:498)
	at org.gradle.internal.dispatch.ReflectionDispatch.dispatch(ReflectionDispatch.java:35)
	at org.gradle.internal.dispatch.ReflectionDispatch.dispatch(ReflectionDispatch.java:24)
	at org.gradle.internal.dispatch.ContextClassLoaderDispatch.dispatch(ContextClassLoaderDispatch.java:32)
	at org.gradle.internal.dispatch.ProxyDispatchAdapter$DispatchingInvocationHandler.invoke(ProxyDispatchAdapter.java:93)
	at com.sun.proxy.$Proxy2.stop(Unknown Source)
	at org.gradle.api.internal.tasks.testing.worker.TestWorker.stop(TestWorker.java:131)
	at sun.reflect.NativeMethodAccessorImpl.invoke0(Native Method)
	at sun.reflect.NativeMethodAccessorImpl.invoke(NativeMethodAccessorImpl.java:62)
	at sun.reflect.DelegatingMethodAccessorImpl.invoke(DelegatingMethodAccessorImpl.java:43)
	at java.lang.reflect.Method.invoke(Method.java:498)
	at org.gradle.internal.dispatch.ReflectionDispatch.dispatch(ReflectionDispatch.java:35)
	at org.gradle.internal.dispatch.ReflectionDispatch.dispatch(ReflectionDispatch.java:24)
	at org.gradle.internal.remote.internal.hub.MessageHubBackedObjectConnection$DispatchWrapper.dispatch(MessageHubBackedObjectConnection.java:155)
	at org.gradle.internal.remote.internal.hub.MessageHubBackedObjectConnection$DispatchWrapper.dispatch(MessageHubBackedObjectConnection.java:137)
	at org.gradle.internal.remote.internal.hub.MessageHub$Handler.run(MessageHub.java:404)
	at org.gradle.internal.concurrent.ExecutorPolicy$CatchAndRecordFailures.onExecute(ExecutorPolicy.java:63)
	at org.gradle.internal.concurrent.ManagedExecutorImpl$1.run(ManagedExecutorImpl.java:46)
	at java.util.concurrent.ThreadPoolExecutor.runWorker(ThreadPoolExecutor.java:1149)
	at java.util.concurrent.ThreadPoolExecutor$Worker.run(ThreadPoolExecutor.java:624)
	at org.gradle.internal.concurrent.ThreadFactoryImpl$ManagedThreadRunnable.run(ThreadFactoryImpl.java:55)
	at java.lang.Thread.run(Thread.java:748)
</failure>
  </testcase>
  <testcase name="boardCreationFromheaderWithDataProviderTest[5](Board{boardName='Om6Rijq2z1Om6Rijq2z1'})" classname="com.telran.tests.test.CreateBoardTest" time="16.728">
    <failure message="java.lang.AssertionError: expected [0] but found [-1]" type="java.lang.AssertionError">java.lang.AssertionError: expected [0] but found [-1]
	at org.testng.Assert.fail(Assert.java:96)
	at org.testng.Assert.failNotEquals(Assert.java:776)
	at org.testng.Assert.assertEqualsImpl(Assert.java:137)
	at org.testng.Assert.assertEquals(Assert.java:118)
	at org.testng.Assert.assertEquals(Assert.java:652)
	at org.testng.Assert.assertEquals(Assert.java:662)
	at com.telran.tests.test.CreateBoardTest.boardCreationFromheaderWithDataProviderTest(CreateBoardTest.java:31)
	at sun.reflect.NativeMethodAccessorImpl.invoke0(Native Method)
	at sun.reflect.NativeMethodAccessorImpl.invoke(NativeMethodAccessorImpl.java:62)
	at sun.reflect.DelegatingMethodAccessorImpl.invoke(DelegatingMethodAccessorImpl.java:43)
	at java.lang.reflect.Method.invoke(Method.java:498)
	at org.testng.internal.MethodInvocationHelper.invokeMethod(MethodInvocationHelper.java:124)
	at org.testng.internal.Invoker.invokeMethod(Invoker.java:583)
	at org.testng.internal.Invoker.invokeTestMethod(Invoker.java:719)
	at org.testng.internal.Invoker.invokeTestMethods(Invoker.java:989)
	at org.testng.internal.TestMethodWorker.invokeTestMethods(TestMethodWorker.java:125)
	at org.testng.internal.TestMethodWorker.run(TestMethodWorker.java:109)
	at org.testng.TestRunner.privateRun(TestRunner.java:648)
	at org.testng.TestRunner.run(TestRunner.java:505)
	at org.testng.SuiteRunner.runTest(SuiteRunner.java:455)
	at org.testng.SuiteRunner.runSequentially(SuiteRunner.java:450)
	at org.testng.SuiteRunner.privateRun(SuiteRunner.java:415)
	at org.testng.SuiteRunner.run(SuiteRunner.java:364)
	at org.testng.SuiteRunnerWorker.runSuite(SuiteRunnerWorker.java:52)
	at org.testng.SuiteRunnerWorker.run(SuiteRunnerWorker.java:84)
	at org.testng.TestNG.runSuitesSequentially(TestNG.java:1208)
	at org.testng.TestNG.runSuitesLocally(TestNG.java:1137)
	at org.testng.TestNG.runSuites(TestNG.java:1049)
	at org.testng.TestNG.run(TestNG.java:1017)
	at org.gradle.api.internal.tasks.testing.testng.TestNGTestClassProcessor.runTests(TestNGTestClassProcessor.java:139)
	at org.gradle.api.internal.tasks.testing.testng.TestNGTestClassProcessor.stop(TestNGTestClassProcessor.java:89)
	at org.gradle.api.internal.tasks.testing.SuiteTestClassProcessor.stop(SuiteTestClassProcessor.java:61)
	at sun.reflect.NativeMethodAccessorImpl.invoke0(Native Method)
	at sun.reflect.NativeMethodAccessorImpl.invoke(NativeMethodAccessorImpl.java:62)
	at sun.reflect.DelegatingMethodAccessorImpl.invoke(DelegatingMethodAccessorImpl.java:43)
	at java.lang.reflect.Method.invoke(Method.java:498)
	at org.gradle.internal.dispatch.ReflectionDispatch.dispatch(ReflectionDispatch.java:35)
	at org.gradle.internal.dispatch.ReflectionDispatch.dispatch(ReflectionDispatch.java:24)
	at org.gradle.internal.dispatch.ContextClassLoaderDispatch.dispatch(ContextClassLoaderDispatch.java:32)
	at org.gradle.internal.dispatch.ProxyDispatchAdapter$DispatchingInvocationHandler.invoke(ProxyDispatchAdapter.java:93)
	at com.sun.proxy.$Proxy2.stop(Unknown Source)
	at org.gradle.api.internal.tasks.testing.worker.TestWorker.stop(TestWorker.java:131)
	at sun.reflect.NativeMethodAccessorImpl.invoke0(Native Method)
	at sun.reflect.NativeMethodAccessorImpl.invoke(NativeMethodAccessorImpl.java:62)
	at sun.reflect.DelegatingMethodAccessorImpl.invoke(DelegatingMethodAccessorImpl.java:43)
	at java.lang.reflect.Method.invoke(Method.java:498)
	at org.gradle.internal.dispatch.ReflectionDispatch.dispatch(ReflectionDispatch.java:35)
	at org.gradle.internal.dispatch.ReflectionDispatch.dispatch(ReflectionDispatch.java:24)
	at org.gradle.internal.remote.internal.hub.MessageHubBackedObjectConnection$DispatchWrapper.dispatch(MessageHubBackedObjectConnection.java:155)
	at org.gradle.internal.remote.internal.hub.MessageHubBackedObjectConnection$DispatchWrapper.dispatch(MessageHubBackedObjectConnection.java:137)
	at org.gradle.internal.remote.internal.hub.MessageHub$Handler.run(MessageHub.java:404)
	at org.gradle.internal.concurrent.ExecutorPolicy$CatchAndRecordFailures.onExecute(ExecutorPolicy.java:63)
	at org.gradle.internal.concurrent.ManagedExecutorImpl$1.run(ManagedExecutorImpl.java:46)
	at java.util.concurrent.ThreadPoolExecutor.runWorker(ThreadPoolExecutor.java:1149)
	at java.util.concurrent.ThreadPoolExecutor$Worker.run(ThreadPoolExecutor.java:624)
	at org.gradle.internal.concurrent.ThreadFactoryImpl$ManagedThreadRunnable.run(ThreadFactoryImpl.java:55)
	at java.lang.Thread.run(Thread.java:748)
</failure>
  </testcase>
  <testcase name="boardCreationFromheaderWithDataProviderTest[6](Board{boardName='Om6Rijq2z1Om6Rijq2z1Om6Rijq2z1'})" classname="com.telran.tests.test.CreateBoardTest" time="16.801">
    <failure message="java.lang.AssertionError: expected [0] but found [-1]" type="java.lang.AssertionError">java.lang.AssertionError: expected [0] but found [-1]
	at org.testng.Assert.fail(Assert.java:96)
	at org.testng.Assert.failNotEquals(Assert.java:776)
	at org.testng.Assert.assertEqualsImpl(Assert.java:137)
	at org.testng.Assert.assertEquals(Assert.java:118)
	at org.testng.Assert.assertEquals(Assert.java:652)
	at org.testng.Assert.assertEquals(Assert.java:662)
	at com.telran.tests.test.CreateBoardTest.boardCreationFromheaderWithDataProviderTest(CreateBoardTest.java:31)
	at sun.reflect.NativeMethodAccessorImpl.invoke0(Native Method)
	at sun.reflect.NativeMethodAccessorImpl.invoke(NativeMethodAccessorImpl.java:62)
	at sun.reflect.DelegatingMethodAccessorImpl.invoke(DelegatingMethodAccessorImpl.java:43)
	at java.lang.reflect.Method.invoke(Method.java:498)
	at org.testng.internal.MethodInvocationHelper.invokeMethod(MethodInvocationHelper.java:124)
	at org.testng.internal.Invoker.invokeMethod(Invoker.java:583)
	at org.testng.internal.Invoker.invokeTestMethod(Invoker.java:719)
	at org.testng.internal.Invoker.invokeTestMethods(Invoker.java:989)
	at org.testng.internal.TestMethodWorker.invokeTestMethods(TestMethodWorker.java:125)
	at org.testng.internal.TestMethodWorker.run(TestMethodWorker.java:109)
	at org.testng.TestRunner.privateRun(TestRunner.java:648)
	at org.testng.TestRunner.run(TestRunner.java:505)
	at org.testng.SuiteRunner.runTest(SuiteRunner.java:455)
	at org.testng.SuiteRunner.runSequentially(SuiteRunner.java:450)
	at org.testng.SuiteRunner.privateRun(SuiteRunner.java:415)
	at org.testng.SuiteRunner.run(SuiteRunner.java:364)
	at org.testng.SuiteRunnerWorker.runSuite(SuiteRunnerWorker.java:52)
	at org.testng.SuiteRunnerWorker.run(SuiteRunnerWorker.java:84)
	at org.testng.TestNG.runSuitesSequentially(TestNG.java:1208)
	at org.testng.TestNG.runSuitesLocally(TestNG.java:1137)
	at org.testng.TestNG.runSuites(TestNG.java:1049)
	at org.testng.TestNG.run(TestNG.java:1017)
	at org.gradle.api.internal.tasks.testing.testng.TestNGTestClassProcessor.runTests(TestNGTestClassProcessor.java:139)
	at org.gradle.api.internal.tasks.testing.testng.TestNGTestClassProcessor.stop(TestNGTestClassProcessor.java:89)
	at org.gradle.api.internal.tasks.testing.SuiteTestClassProcessor.stop(SuiteTestClassProcessor.java:61)
	at sun.reflect.NativeMethodAccessorImpl.invoke0(Native Method)
	at sun.reflect.NativeMethodAccessorImpl.invoke(NativeMethodAccessorImpl.java:62)
	at sun.reflect.DelegatingMethodAccessorImpl.invoke(DelegatingMethodAccessorImpl.java:43)
	at java.lang.reflect.Method.invoke(Method.java:498)
	at org.gradle.internal.dispatch.ReflectionDispatch.dispatch(ReflectionDispatch.java:35)
	at org.gradle.internal.dispatch.ReflectionDispatch.dispatch(ReflectionDispatch.java:24)
	at org.gradle.internal.dispatch.ContextClassLoaderDispatch.dispatch(ContextClassLoaderDispatch.java:32)
	at org.gradle.internal.dispatch.ProxyDispatchAdapter$DispatchingInvocationHandler.invoke(ProxyDispatchAdapter.java:93)
	at com.sun.proxy.$Proxy2.stop(Unknown Source)
	at org.gradle.api.internal.tasks.testing.worker.TestWorker.stop(TestWorker.java:131)
	at sun.reflect.NativeMethodAccessorImpl.invoke0(Native Method)
	at sun.reflect.NativeMethodAccessorImpl.invoke(NativeMethodAccessorImpl.java:62)
	at sun.reflect.DelegatingMethodAccessorImpl.invoke(DelegatingMethodAccessorImpl.java:43)
	at java.lang.reflect.Method.invoke(Method.java:498)
	at org.gradle.internal.dispatch.ReflectionDispatch.dispatch(ReflectionDispatch.java:35)
	at org.gradle.internal.dispatch.ReflectionDispatch.dispatch(ReflectionDispatch.java:24)
	at org.gradle.internal.remote.internal.hub.MessageHubBackedObjectConnection$DispatchWrapper.dispatch(MessageHubBackedObjectConnection.java:155)
	at org.gradle.internal.remote.internal.hub.MessageHubBackedObjectConnection$DispatchWrapper.dispatch(MessageHubBackedObjectConnection.java:137)
	at org.gradle.internal.remote.internal.hub.MessageHub$Handler.run(MessageHub.java:404)
	at org.gradle.internal.concurrent.ExecutorPolicy$CatchAndRecordFailures.onExecute(ExecutorPolicy.java:63)
	at org.gradle.internal.concurrent.ManagedExecutorImpl$1.run(ManagedExecutorImpl.java:46)
	at java.util.concurrent.ThreadPoolExecutor.runWorker(ThreadPoolExecutor.java:1149)
	at java.util.concurrent.ThreadPoolExecutor$Worker.run(ThreadPoolExecutor.java:624)
	at org.gradle.internal.concurrent.ThreadFactoryImpl$ManagedThreadRunnable.run(ThreadFactoryImpl.java:55)
	at java.lang.Thread.run(Thread.java:748)
</failure>
  </testcase>
  <system-out><![CDATA[14:55:53.532 [Test worker] INFO  com.telran.tests.test.TestBase - StartboardCreationFromheaderWithDataProviderTestwith parameters[Board{boardName='name'}]
14:55:53.532 [Test worker] INFO  c.t.t.f.ApplicationManager$MyListener - Start search elementBy.xpath: //*[@class='icon-lg icon-member']/../../..//li
14:55:53.562 [Test worker] INFO  c.t.t.f.ApplicationManager$MyListener - elementBy.xpath: //*[@class='icon-lg icon-member']/../../..//lifound
14:55:53.562 [Test worker] INFO  c.t.t.f.ApplicationManager$MyListener - Start search elementBy.cssSelector: [name=add]
14:55:53.591 [Test worker] INFO  c.t.t.f.ApplicationManager$MyListener - elementBy.cssSelector: [name=add]found
14:55:53.768 [Test worker] INFO  c.t.t.f.ApplicationManager$MyListener - Start search elementBy.cssSelector: [data-test-id='header-create-board-button']
14:55:53.794 [Test worker] INFO  c.t.t.f.ApplicationManager$MyListener - elementBy.cssSelector: [data-test-id='header-create-board-button']found
14:55:53.950 [Test worker] INFO  c.t.t.f.ApplicationManager$MyListener - Start search elementBy.cssSelector: [data-test-id='header-create-board-title-input']
14:55:54.029 [Test worker] INFO  c.t.t.f.ApplicationManager$MyListener - elementBy.cssSelector: [data-test-id='header-create-board-title-input']found
14:55:54.109 [Test worker] INFO  c.t.t.f.ApplicationManager$MyListener - Start search elementBy.cssSelector: [data-test-id='header-create-board-title-input']
14:55:54.128 [Test worker] INFO  c.t.t.f.ApplicationManager$MyListener - elementBy.cssSelector: [data-test-id='header-create-board-title-input']found
14:55:54.171 [Test worker] INFO  c.t.t.f.ApplicationManager$MyListener - Start search elementBy.cssSelector: [data-test-id='header-create-board-title-input']
14:55:54.192 [Test worker] INFO  c.t.t.f.ApplicationManager$MyListener - elementBy.cssSelector: [data-test-id='header-create-board-title-input']found
14:55:54.305 [Test worker] INFO  c.t.t.f.ApplicationManager$MyListener - Start search elementBy.cssSelector: button.W6rMLOx8U0MrPx [name=down]
14:55:54.394 [Test worker] INFO  c.t.t.f.ApplicationManager$MyListener - elementBy.cssSelector: button.W6rMLOx8U0MrPx [name=down]found
14:55:54.492 [Test worker] INFO  c.t.t.f.ApplicationManager$MyListener - Start search elementBy.xpath: //nav[@class='SdlcRrTVPA8Y3K']//li[1]
14:55:54.528 [Test worker] INFO  c.t.t.f.ApplicationManager$MyListener - elementBy.xpath: //nav[@class='SdlcRrTVPA8Y3K']//li[1]found
14:55:54.642 [Test worker] INFO  c.t.t.f.ApplicationManager$MyListener - Start search elementBy.cssSelector: [data-test-id='header-create-board-submit-button']
14:55:54.678 [Test worker] INFO  c.t.t.f.ApplicationManager$MyListener - elementBy.cssSelector: [data-test-id='header-create-board-submit-button']found
14:55:59.795 [Test worker] INFO  c.t.t.f.ApplicationManager$MyListener - Start search elementBy.cssSelector: [name=house]
14:55:59.834 [Test worker] INFO  c.t.t.f.ApplicationManager$MyListener - elementBy.cssSelector: [name=house]found
14:56:00.071 [Test worker] INFO  c.t.t.f.ApplicationManager$MyListener - Start search elementBy.cssSelector: a [name=house]
14:56:00.139 [Test worker] INFO  c.t.t.f.ApplicationManager$MyListener - elementBy.cssSelector: a [name=house]found
14:56:10.239 [Test worker] INFO  c.t.t.f.ApplicationManager$MyListener - Start search elementBy.xpath: //*[@class='icon-lg icon-member']/../../..//li
14:56:10.264 [Test worker] INFO  c.t.t.f.ApplicationManager$MyListener - elementBy.xpath: //*[@class='icon-lg icon-member']/../../..//lifound
-1:-1
14:56:10.268 [Test worker] INFO  c.t.t.f.ApplicationManager$MyListener - Start search elementBy.xpath: //*[@class='icon-lg icon-member']/../../..//li
14:56:10.301 [Test worker] INFO  c.t.t.f.ApplicationManager$MyListener - elementBy.xpath: //*[@class='icon-lg icon-member']/../../..//lifound
14:56:10.301 [Test worker] INFO  c.t.t.f.ApplicationManager$MyListener - Start search elementBy.cssSelector: [name=add]
14:56:10.325 [Test worker] INFO  c.t.t.f.ApplicationManager$MyListener - elementBy.cssSelector: [name=add]found
14:56:10.417 [Test worker] INFO  c.t.t.f.ApplicationManager$MyListener - Start search elementBy.cssSelector: [data-test-id='header-create-board-button']
14:56:10.437 [Test worker] INFO  c.t.t.f.ApplicationManager$MyListener - elementBy.cssSelector: [data-test-id='header-create-board-button']found
14:56:10.607 [Test worker] INFO  c.t.t.f.ApplicationManager$MyListener - Start search elementBy.cssSelector: [data-test-id='header-create-board-title-input']
14:56:10.629 [Test worker] INFO  c.t.t.f.ApplicationManager$MyListener - elementBy.cssSelector: [data-test-id='header-create-board-title-input']found
14:56:10.718 [Test worker] INFO  c.t.t.f.ApplicationManager$MyListener - Start search elementBy.cssSelector: [data-test-id='header-create-board-title-input']
14:56:10.739 [Test worker] INFO  c.t.t.f.ApplicationManager$MyListener - elementBy.cssSelector: [data-test-id='header-create-board-title-input']found
14:56:10.795 [Test worker] INFO  c.t.t.f.ApplicationManager$MyListener - Start search elementBy.cssSelector: [data-test-id='header-create-board-title-input']
14:56:10.820 [Test worker] INFO  c.t.t.f.ApplicationManager$MyListener - elementBy.cssSelector: [data-test-id='header-create-board-title-input']found
14:56:10.898 [Test worker] INFO  c.t.t.f.ApplicationManager$MyListener - Start search elementBy.cssSelector: button.W6rMLOx8U0MrPx [name=down]
14:56:10.926 [Test worker] INFO  c.t.t.f.ApplicationManager$MyListener - elementBy.cssSelector: button.W6rMLOx8U0MrPx [name=down]found
14:56:11.057 [Test worker] INFO  c.t.t.f.ApplicationManager$MyListener - Start search elementBy.xpath: //nav[@class='SdlcRrTVPA8Y3K']//li[1]
14:56:11.085 [Test worker] INFO  c.t.t.f.ApplicationManager$MyListener - elementBy.xpath: //nav[@class='SdlcRrTVPA8Y3K']//li[1]found
14:56:11.209 [Test worker] INFO  c.t.t.f.ApplicationManager$MyListener - Start search elementBy.cssSelector: [data-test-id='header-create-board-submit-button']
14:56:11.233 [Test worker] INFO  c.t.t.f.ApplicationManager$MyListener - elementBy.cssSelector: [data-test-id='header-create-board-submit-button']found
14:56:16.382 [Test worker] INFO  c.t.t.f.ApplicationManager$MyListener - Start search elementBy.cssSelector: [name=house]
14:56:16.409 [Test worker] INFO  c.t.t.f.ApplicationManager$MyListener - elementBy.cssSelector: [name=house]found
14:56:16.499 [Test worker] INFO  c.t.t.f.ApplicationManager$MyListener - Start search elementBy.cssSelector: a [name=house]
14:56:16.521 [Test worker] INFO  c.t.t.f.ApplicationManager$MyListener - elementBy.cssSelector: a [name=house]found
14:56:26.640 [Test worker] INFO  c.t.t.f.ApplicationManager$MyListener - Start search elementBy.xpath: //*[@class='icon-lg icon-member']/../../..//li
14:56:26.664 [Test worker] INFO  c.t.t.f.ApplicationManager$MyListener - elementBy.xpath: //*[@class='icon-lg icon-member']/../../..//lifound
-1:-1
14:56:26.668 [Test worker] INFO  c.t.t.f.ApplicationManager$MyListener - Start search elementBy.xpath: //*[@class='icon-lg icon-member']/../../..//li
14:56:26.696 [Test worker] INFO  c.t.t.f.ApplicationManager$MyListener - elementBy.xpath: //*[@class='icon-lg icon-member']/../../..//lifound
14:56:26.696 [Test worker] INFO  c.t.t.f.ApplicationManager$MyListener - Start search elementBy.cssSelector: [name=add]
14:56:26.725 [Test worker] INFO  c.t.t.f.ApplicationManager$MyListener - elementBy.cssSelector: [name=add]found
14:56:26.827 [Test worker] INFO  c.t.t.f.ApplicationManager$MyListener - Start search elementBy.cssSelector: [data-test-id='header-create-board-button']
14:56:26.852 [Test worker] INFO  c.t.t.f.ApplicationManager$MyListener - elementBy.cssSelector: [data-test-id='header-create-board-button']found
14:56:26.998 [Test worker] INFO  c.t.t.f.ApplicationManager$MyListener - Start search elementBy.cssSelector: [data-test-id='header-create-board-title-input']
14:56:27.021 [Test worker] INFO  c.t.t.f.ApplicationManager$MyListener - elementBy.cssSelector: [data-test-id='header-create-board-title-input']found
14:56:27.116 [Test worker] INFO  c.t.t.f.ApplicationManager$MyListener - Start search elementBy.cssSelector: [data-test-id='header-create-board-title-input']
14:56:27.137 [Test worker] INFO  c.t.t.f.ApplicationManager$MyListener - elementBy.cssSelector: [data-test-id='header-create-board-title-input']found
14:56:27.188 [Test worker] INFO  c.t.t.f.ApplicationManager$MyListener - Start search elementBy.cssSelector: [data-test-id='header-create-board-title-input']
14:56:27.212 [Test worker] INFO  c.t.t.f.ApplicationManager$MyListener - elementBy.cssSelector: [data-test-id='header-create-board-title-input']found
14:56:27.310 [Test worker] INFO  c.t.t.f.ApplicationManager$MyListener - Start search elementBy.cssSelector: button.W6rMLOx8U0MrPx [name=down]
14:56:27.338 [Test worker] INFO  c.t.t.f.ApplicationManager$MyListener - elementBy.cssSelector: button.W6rMLOx8U0MrPx [name=down]found
14:56:27.505 [Test worker] INFO  c.t.t.f.ApplicationManager$MyListener - Start search elementBy.xpath: //nav[@class='SdlcRrTVPA8Y3K']//li[1]
14:56:27.544 [Test worker] INFO  c.t.t.f.ApplicationManager$MyListener - elementBy.xpath: //nav[@class='SdlcRrTVPA8Y3K']//li[1]found
14:56:27.660 [Test worker] INFO  c.t.t.f.ApplicationManager$MyListener - Start search elementBy.cssSelector: [data-test-id='header-create-board-submit-button']
14:56:27.685 [Test worker] INFO  c.t.t.f.ApplicationManager$MyListener - elementBy.cssSelector: [data-test-id='header-create-board-submit-button']found
14:56:32.821 [Test worker] INFO  c.t.t.f.ApplicationManager$MyListener - Start search elementBy.cssSelector: [name=house]
14:56:32.845 [Test worker] INFO  c.t.t.f.ApplicationManager$MyListener - elementBy.cssSelector: [name=house]found
14:56:32.931 [Test worker] INFO  c.t.t.f.ApplicationManager$MyListener - Start search elementBy.cssSelector: a [name=house]
14:56:32.961 [Test worker] INFO  c.t.t.f.ApplicationManager$MyListener - elementBy.cssSelector: a [name=house]found
14:56:43.066 [Test worker] INFO  c.t.t.f.ApplicationManager$MyListener - Start search elementBy.xpath: //*[@class='icon-lg icon-member']/../../..//li
14:56:43.091 [Test worker] INFO  c.t.t.f.ApplicationManager$MyListener - elementBy.xpath: //*[@class='icon-lg icon-member']/../../..//lifound
-1:-1
14:56:43.095 [Test worker] INFO  c.t.t.f.ApplicationManager$MyListener - Start search elementBy.xpath: //*[@class='icon-lg icon-member']/../../..//li
14:56:43.120 [Test worker] INFO  c.t.t.f.ApplicationManager$MyListener - elementBy.xpath: //*[@class='icon-lg icon-member']/../../..//lifound
14:56:43.120 [Test worker] INFO  c.t.t.f.ApplicationManager$MyListener - Start search elementBy.cssSelector: [name=add]
14:56:43.149 [Test worker] INFO  c.t.t.f.ApplicationManager$MyListener - elementBy.cssSelector: [name=add]found
14:56:43.246 [Test worker] INFO  c.t.t.f.ApplicationManager$MyListener - Start search elementBy.cssSelector: [data-test-id='header-create-board-button']
14:56:43.272 [Test worker] INFO  c.t.t.f.ApplicationManager$MyListener - elementBy.cssSelector: [data-test-id='header-create-board-button']found
14:56:43.426 [Test worker] INFO  c.t.t.f.ApplicationManager$MyListener - Start search elementBy.cssSelector: [data-test-id='header-create-board-title-input']
14:56:43.451 [Test worker] INFO  c.t.t.f.ApplicationManager$MyListener - elementBy.cssSelector: [data-test-id='header-create-board-title-input']found
14:56:43.559 [Test worker] INFO  c.t.t.f.ApplicationManager$MyListener - Start search elementBy.cssSelector: [data-test-id='header-create-board-title-input']
14:56:43.582 [Test worker] INFO  c.t.t.f.ApplicationManager$MyListener - elementBy.cssSelector: [data-test-id='header-create-board-title-input']found
14:56:43.633 [Test worker] INFO  c.t.t.f.ApplicationManager$MyListener - Start search elementBy.cssSelector: [data-test-id='header-create-board-title-input']
14:56:43.659 [Test worker] INFO  c.t.t.f.ApplicationManager$MyListener - elementBy.cssSelector: [data-test-id='header-create-board-title-input']found
14:56:43.907 [Test worker] INFO  c.t.t.f.ApplicationManager$MyListener - Start search elementBy.cssSelector: button.W6rMLOx8U0MrPx [name=down]
14:56:43.937 [Test worker] INFO  c.t.t.f.ApplicationManager$MyListener - elementBy.cssSelector: button.W6rMLOx8U0MrPx [name=down]found
14:56:44.049 [Test worker] INFO  c.t.t.f.ApplicationManager$MyListener - Start search elementBy.xpath: //nav[@class='SdlcRrTVPA8Y3K']//li[1]
14:56:44.070 [Test worker] INFO  c.t.t.f.ApplicationManager$MyListener - elementBy.xpath: //nav[@class='SdlcRrTVPA8Y3K']//li[1]found
14:56:44.185 [Test worker] INFO  c.t.t.f.ApplicationManager$MyListener - Start search elementBy.cssSelector: [data-test-id='header-create-board-submit-button']
14:56:44.206 [Test worker] INFO  c.t.t.f.ApplicationManager$MyListener - elementBy.cssSelector: [data-test-id='header-create-board-submit-button']found
14:56:49.316 [Test worker] INFO  c.t.t.f.ApplicationManager$MyListener - Start search elementBy.cssSelector: [name=house]
14:56:49.341 [Test worker] INFO  c.t.t.f.ApplicationManager$MyListener - elementBy.cssSelector: [name=house]found
14:56:49.421 [Test worker] INFO  c.t.t.f.ApplicationManager$MyListener - Start search elementBy.cssSelector: a [name=house]
14:56:49.456 [Test worker] INFO  c.t.t.f.ApplicationManager$MyListener - elementBy.cssSelector: a [name=house]found
14:56:59.592 [Test worker] INFO  c.t.t.f.ApplicationManager$MyListener - Start search elementBy.xpath: //*[@class='icon-lg icon-member']/../../..//li
14:56:59.616 [Test worker] INFO  c.t.t.f.ApplicationManager$MyListener - elementBy.xpath: //*[@class='icon-lg icon-member']/../../..//lifound
-1:-1
14:56:59.621 [Test worker] INFO  c.t.t.f.ApplicationManager$MyListener - Start search elementBy.xpath: //*[@class='icon-lg icon-member']/../../..//li
14:56:59.654 [Test worker] INFO  c.t.t.f.ApplicationManager$MyListener - elementBy.xpath: //*[@class='icon-lg icon-member']/../../..//lifound
14:56:59.654 [Test worker] INFO  c.t.t.f.ApplicationManager$MyListener - Start search elementBy.cssSelector: [name=add]
14:56:59.677 [Test worker] INFO  c.t.t.f.ApplicationManager$MyListener - elementBy.cssSelector: [name=add]found
14:56:59.827 [Test worker] INFO  c.t.t.f.ApplicationManager$MyListener - Start search elementBy.cssSelector: [data-test-id='header-create-board-button']
14:56:59.850 [Test worker] INFO  c.t.t.f.ApplicationManager$MyListener - elementBy.cssSelector: [data-test-id='header-create-board-button']found
14:56:59.977 [Test worker] INFO  c.t.t.f.ApplicationManager$MyListener - Start search elementBy.cssSelector: [data-test-id='header-create-board-title-input']
14:57:00.001 [Test worker] INFO  c.t.t.f.ApplicationManager$MyListener - elementBy.cssSelector: [data-test-id='header-create-board-title-input']found
14:57:00.116 [Test worker] INFO  c.t.t.f.ApplicationManager$MyListener - Start search elementBy.cssSelector: [data-test-id='header-create-board-title-input']
14:57:00.133 [Test worker] INFO  c.t.t.f.ApplicationManager$MyListener - elementBy.cssSelector: [data-test-id='header-create-board-title-input']found
14:57:00.176 [Test worker] INFO  c.t.t.f.ApplicationManager$MyListener - Start search elementBy.cssSelector: [data-test-id='header-create-board-title-input']
14:57:00.198 [Test worker] INFO  c.t.t.f.ApplicationManager$MyListener - elementBy.cssSelector: [data-test-id='header-create-board-title-input']found
14:57:00.385 [Test worker] INFO  c.t.t.f.ApplicationManager$MyListener - Start search elementBy.cssSelector: button.W6rMLOx8U0MrPx [name=down]
14:57:00.406 [Test worker] INFO  c.t.t.f.ApplicationManager$MyListener - elementBy.cssSelector: button.W6rMLOx8U0MrPx [name=down]found
14:57:00.494 [Test worker] INFO  c.t.t.f.ApplicationManager$MyListener - Start search elementBy.xpath: //nav[@class='SdlcRrTVPA8Y3K']//li[1]
14:57:00.513 [Test worker] INFO  c.t.t.f.ApplicationManager$MyListener - elementBy.xpath: //nav[@class='SdlcRrTVPA8Y3K']//li[1]found
14:57:00.607 [Test worker] INFO  c.t.t.f.ApplicationManager$MyListener - Start search elementBy.cssSelector: [data-test-id='header-create-board-submit-button']
14:57:00.630 [Test worker] INFO  c.t.t.f.ApplicationManager$MyListener - elementBy.cssSelector: [data-test-id='header-create-board-submit-button']found
14:57:05.725 [Test worker] INFO  c.t.t.f.ApplicationManager$MyListener - Start search elementBy.cssSelector: [name=house]
14:57:05.750 [Test worker] INFO  c.t.t.f.ApplicationManager$MyListener - elementBy.cssSelector: [name=house]found
14:57:05.829 [Test worker] INFO  c.t.t.f.ApplicationManager$MyListener - Start search elementBy.cssSelector: a [name=house]
14:57:05.868 [Test worker] INFO  c.t.t.f.ApplicationManager$MyListener - elementBy.cssSelector: a [name=house]found
14:57:15.995 [Test worker] INFO  c.t.t.f.ApplicationManager$MyListener - Start search elementBy.xpath: //*[@class='icon-lg icon-member']/../../..//li
14:57:16.023 [Test worker] INFO  c.t.t.f.ApplicationManager$MyListener - elementBy.xpath: //*[@class='icon-lg icon-member']/../../..//lifound
-1:-1
14:57:16.027 [Test worker] INFO  c.t.t.f.ApplicationManager$MyListener - Start search elementBy.xpath: //*[@class='icon-lg icon-member']/../../..//li
14:57:16.054 [Test worker] INFO  c.t.t.f.ApplicationManager$MyListener - elementBy.xpath: //*[@class='icon-lg icon-member']/../../..//lifound
14:57:16.054 [Test worker] INFO  c.t.t.f.ApplicationManager$MyListener - Start search elementBy.cssSelector: [name=add]
14:57:16.076 [Test worker] INFO  c.t.t.f.ApplicationManager$MyListener - elementBy.cssSelector: [name=add]found
14:57:16.171 [Test worker] INFO  c.t.t.f.ApplicationManager$MyListener - Start search elementBy.cssSelector: [data-test-id='header-create-board-button']
14:57:16.196 [Test worker] INFO  c.t.t.f.ApplicationManager$MyListener - elementBy.cssSelector: [data-test-id='header-create-board-button']found
14:57:16.363 [Test worker] INFO  c.t.t.f.ApplicationManager$MyListener - Start search elementBy.cssSelector: [data-test-id='header-create-board-title-input']
14:57:16.389 [Test worker] INFO  c.t.t.f.ApplicationManager$MyListener - elementBy.cssSelector: [data-test-id='header-create-board-title-input']found
14:57:16.486 [Test worker] INFO  c.t.t.f.ApplicationManager$MyListener - Start search elementBy.cssSelector: [data-test-id='header-create-board-title-input']
14:57:16.509 [Test worker] INFO  c.t.t.f.ApplicationManager$MyListener - elementBy.cssSelector: [data-test-id='header-create-board-title-input']found
14:57:16.564 [Test worker] INFO  c.t.t.f.ApplicationManager$MyListener - Start search elementBy.cssSelector: [data-test-id='header-create-board-title-input']
14:57:16.586 [Test worker] INFO  c.t.t.f.ApplicationManager$MyListener - elementBy.cssSelector: [data-test-id='header-create-board-title-input']found
14:57:17.019 [Test worker] INFO  c.t.t.f.ApplicationManager$MyListener - Start search elementBy.cssSelector: button.W6rMLOx8U0MrPx [name=down]
14:57:17.041 [Test worker] INFO  c.t.t.f.ApplicationManager$MyListener - elementBy.cssSelector: button.W6rMLOx8U0MrPx [name=down]found
14:57:17.166 [Test worker] INFO  c.t.t.f.ApplicationManager$MyListener - Start search elementBy.xpath: //nav[@class='SdlcRrTVPA8Y3K']//li[1]
14:57:17.193 [Test worker] INFO  c.t.t.f.ApplicationManager$MyListener - elementBy.xpath: //nav[@class='SdlcRrTVPA8Y3K']//li[1]found
14:57:17.315 [Test worker] INFO  c.t.t.f.ApplicationManager$MyListener - Start search elementBy.cssSelector: [data-test-id='header-create-board-submit-button']
14:57:17.336 [Test worker] INFO  c.t.t.f.ApplicationManager$MyListener - elementBy.cssSelector: [data-test-id='header-create-board-submit-button']found
14:57:22.465 [Test worker] INFO  c.t.t.f.ApplicationManager$MyListener - Start search elementBy.cssSelector: [name=house]
14:57:22.491 [Test worker] INFO  c.t.t.f.ApplicationManager$MyListener - elementBy.cssSelector: [name=house]found
14:57:22.604 [Test worker] INFO  c.t.t.f.ApplicationManager$MyListener - Start search elementBy.cssSelector: a [name=house]
14:57:22.634 [Test worker] INFO  c.t.t.f.ApplicationManager$MyListener - elementBy.cssSelector: a [name=house]found
14:57:32.727 [Test worker] INFO  c.t.t.f.ApplicationManager$MyListener - Start search elementBy.xpath: //*[@class='icon-lg icon-member']/../../..//li
14:57:32.752 [Test worker] INFO  c.t.t.f.ApplicationManager$MyListener - elementBy.xpath: //*[@class='icon-lg icon-member']/../../..//lifound
-1:-1
14:57:32.756 [Test worker] INFO  c.t.t.f.ApplicationManager$MyListener - Start search elementBy.xpath: //*[@class='icon-lg icon-member']/../../..//li
14:57:32.785 [Test worker] INFO  c.t.t.f.ApplicationManager$MyListener - elementBy.xpath: //*[@class='icon-lg icon-member']/../../..//lifound
14:57:32.786 [Test worker] INFO  c.t.t.f.ApplicationManager$MyListener - Start search elementBy.cssSelector: [name=add]
14:57:32.812 [Test worker] INFO  c.t.t.f.ApplicationManager$MyListener - elementBy.cssSelector: [name=add]found
14:57:32.916 [Test worker] INFO  c.t.t.f.ApplicationManager$MyListener - Start search elementBy.cssSelector: [data-test-id='header-create-board-button']
14:57:32.942 [Test worker] INFO  c.t.t.f.ApplicationManager$MyListener - elementBy.cssSelector: [data-test-id='header-create-board-button']found
14:57:33.092 [Test worker] INFO  c.t.t.f.ApplicationManager$MyListener - Start search elementBy.cssSelector: [data-test-id='header-create-board-title-input']
14:57:33.115 [Test worker] INFO  c.t.t.f.ApplicationManager$MyListener - elementBy.cssSelector: [data-test-id='header-create-board-title-input']found
14:57:33.211 [Test worker] INFO  c.t.t.f.ApplicationManager$MyListener - Start search elementBy.cssSelector: [data-test-id='header-create-board-title-input']
14:57:33.231 [Test worker] INFO  c.t.t.f.ApplicationManager$MyListener - elementBy.cssSelector: [data-test-id='header-create-board-title-input']found
14:57:33.288 [Test worker] INFO  c.t.t.f.ApplicationManager$MyListener - Start search elementBy.cssSelector: [data-test-id='header-create-board-title-input']
14:57:33.314 [Test worker] INFO  c.t.t.f.ApplicationManager$MyListener - elementBy.cssSelector: [data-test-id='header-create-board-title-input']found
14:57:33.867 [Test worker] INFO  c.t.t.f.ApplicationManager$MyListener - Start search elementBy.cssSelector: button.W6rMLOx8U0MrPx [name=down]
14:57:33.890 [Test worker] INFO  c.t.t.f.ApplicationManager$MyListener - elementBy.cssSelector: button.W6rMLOx8U0MrPx [name=down]found
14:57:33.996 [Test worker] INFO  c.t.t.f.ApplicationManager$MyListener - Start search elementBy.xpath: //nav[@class='SdlcRrTVPA8Y3K']//li[1]
14:57:34.018 [Test worker] INFO  c.t.t.f.ApplicationManager$MyListener - elementBy.xpath: //nav[@class='SdlcRrTVPA8Y3K']//li[1]found
14:57:34.128 [Test worker] INFO  c.t.t.f.ApplicationManager$MyListener - Start search elementBy.cssSelector: [data-test-id='header-create-board-submit-button']
14:57:34.151 [Test worker] INFO  c.t.t.f.ApplicationManager$MyListener - elementBy.cssSelector: [data-test-id='header-create-board-submit-button']found
14:57:39.256 [Test worker] INFO  c.t.t.f.ApplicationManager$MyListener - Start search elementBy.cssSelector: [name=house]
14:57:39.280 [Test worker] INFO  c.t.t.f.ApplicationManager$MyListener - elementBy.cssSelector: [name=house]found
14:57:39.406 [Test worker] INFO  c.t.t.f.ApplicationManager$MyListener - Start search elementBy.cssSelector: a [name=house]
14:57:39.438 [Test worker] INFO  c.t.t.f.ApplicationManager$MyListener - elementBy.cssSelector: a [name=house]found
14:57:49.532 [Test worker] INFO  c.t.t.f.ApplicationManager$MyListener - Start search elementBy.xpath: //*[@class='icon-lg icon-member']/../../..//li
14:57:49.557 [Test worker] INFO  c.t.t.f.ApplicationManager$MyListener - elementBy.xpath: //*[@class='icon-lg icon-member']/../../..//lifound
-1:-1
]]></system-out>
  <system-err><![CDATA[]]></system-err>
</testsuite>
