<?xml version="1.0" encoding="UTF-8"?>
<testsuite name="com.telran.tests.test.TeamDeletionTest" tests="1" skipped="0" failures="0" errors="0" timestamp="2019-08-08T08:39:38" hostname="DESKTOP-P99IBT1" time="17.757">
  <properties/>
  <testcase name="testTeamDeletion" classname="com.telran.tests.test.TeamDeletionTest" time="17.757"/>
  <system-out><![CDATA[3:
2
]]></system-out>
  <system-err><![CDATA[]]></system-err>
</testsuite>
