<?xml version="1.0" encoding="UTF-8"?>
<testsuite name="com.telran.tests.test.CreateBoardTest" tests="1" skipped="0" failures="0" errors="0" timestamp="2019-08-06T11:34:23" hostname="DESKTOP-P99IBT1" time="15.875">
  <properties/>
  <testcase name="boardCreationTestFromHeader" classname="com.telran.tests.test.CreateBoardTest" time="15.875"/>
  <system-out><![CDATA[40:41
]]></system-out>
  <system-err><![CDATA[]]></system-err>
</testsuite>
