<?xml version="1.0" encoding="UTF-8"?>
<testsuite name="com.telran.tests.LoginTest" tests="1" skipped="0" failures="0" errors="0" timestamp="2019-07-29T08:55:47" hostname="DESKTOP-P99IBT1" time="7.547">
  <properties/>
  <testcase name="loginTest" classname="com.telran.tests.LoginTest" time="7.547"/>
  <system-out><![CDATA[]]></system-out>
  <system-err><![CDATA[Starting ChromeDriver 75.0.3770.140 (2d9f97485c7b07dc18a74666574f19176731995c-refs/branch-heads/3770@{#1155}) on port 47140
Only local connections are allowed.
Please protect ports used by ChromeDriver and related test frameworks to prevent access by malicious code.
Jul 29, 2019 11:55:44 AM org.openqa.selenium.remote.ProtocolHandshake createSession
INFO: Detected dialect: W3C
]]></system-err>
</testsuite>
