<?xml version="1.0" encoding="UTF-8"?>
<testsuite name="com.telran.tests.test.CreateProfile" tests="1" skipped="0" failures="0" errors="0" timestamp="2019-08-10T21:58:26" hostname="DESKTOP-P99IBT1" time="6.063">
  <properties/>
  <testcase name="creationAvatar" classname="com.telran.tests.test.CreateProfile" time="6.063"/>
  <system-out><![CDATA[]]></system-out>
  <system-err><![CDATA[1565474307117	Marionette	WARN	TimedPromise timed out after 500 ms: stacktrace:
bail@chrome://marionette/content/sync.js:223:64
1565474307860	Marionette	WARN	TimedPromise timed out after 500 ms: stacktrace:
bail@chrome://marionette/content/sync.js:223:64
1565474308606	Marionette	WARN	TimedPromise timed out after 5 ms: stacktrace:
bail@chrome://marionette/content/sync.js:223:64
]]></system-err>
</testsuite>
